Bug 288931 – [JUnit] Test failure in TestRunSessionSerializationTests3.testFailures in I20090908-0800
I20090908-0800
Test failure in TestRunSessionSerializationTests3.testFailures, see
http://download.eclipse.org/eclipse/downloads/drops/I20090908-0800/testresults/html/org.eclipse.jdt.ui.tests_linux.gtk.x86.html :
expected:<...rs="1" ignored="0"> [ <testsuite name="pack.Failures" time=""> <testcase name="testNasty" classname="pack.Failures" time=""> <failure>junit.framework.AssertionFailedError: </failure> </failure> </testcase> <testcase name="testError" classname="pack.Failures" time=""> <error>java.lang.IllegalStateException: </failure> </error> </testcase> <testcase name="testCompare" classname="pack.Failures" time=""> <failure> <expected> Hello World.
</expected> <actual> Hello my friend.</actual>junit.framework.ComparisonFailure: expected:< [Hello World.
]> but was:< [ Hello my friend.]> </failure> </testcase> <testcase name="testCompareNull" classname="pack.Failures" time=""> <failure>junit.framework.ComparisonFailure: expected:<Hello World.> but was:<null> </failure> </testcase> ]</testsuite> </testr...> but was:<...rs="1" ignored="0"> [<testsuite name="pack.Failures" time=""> <testcase name="testNasty" classname="pack.Failures" time=""> <failure>junit.framework.AssertionFailedError: </failure> </failure> </testcase> <testcase name="testError" classname="pack.Failures" time=""> <error>java.lang.IllegalStateException: </failure> </error> </testcase> <testcase name="testCompare" classname="pack.Failures" time=""> <failure> <expected> Hello World.
</expected> <actual> Hello my friend.</actual> junit.framework.ComparisonFailure: expected:< [Hello World.
]> but was:< [ Hello my friend.]> </failure> </testcase> <testcase name="testCompareNull" classname="pack.Failures" time=""> <failure>junit.framework.ComparisonFailure: expected:<Hello World.> but was:<null> </failure> </testcase> ]</testsuite> </testr...>
junit.framework.ComparisonFailure: expected:<...rs="1" ignored="0">
[ <testsuite name="pack.Failures" time="">
<testcase name="testNasty" classname="pack.Failures" time="">
<failure>junit.framework.AssertionFailedError: </failure>
</failure>
</testcase>
<testcase name="testError" classname="pack.Failures" time="">
<error>java.lang.IllegalStateException: </failure>
</error>
</testcase>
<testcase name="testCompare" classname="pack.Failures" time="">
<failure>
<expected>
Hello World.
</expected>
<actual>
Hello my friend.</actual>junit.framework.ComparisonFailure: expected:<
[Hello World.
]> but was:<
[
Hello my friend.]>
</failure>
</testcase>
<testcase name="testCompareNull" classname="pack.Failures" time="">
<failure>junit.framework.ComparisonFailure: expected:<Hello World.> but was:<null>
</failure>
</testcase>
]</testsuite>
</testr...> but was:<...rs="1" ignored="0">
[<testsuite name="pack.Failures" time="">
<testcase name="testNasty" classname="pack.Failures" time="">
<failure>junit.framework.AssertionFailedError: </failure>
</failure>
</testcase>
<testcase name="testError" classname="pack.Failures" time="">
<error>java.lang.IllegalStateException: </failure>
</error>
</testcase>
<testcase name="testCompare" classname="pack.Failures" time="">
<failure>
<expected>
Hello World.
</expected>
<actual>
Hello my friend.</actual>
junit.framework.ComparisonFailure: expected:<
[Hello World.
]> but was:<
[
Hello my friend.]>
</failure>
</testcase>
<testcase name="testCompareNull" classname="pack.Failures" time="">
<failure>junit.framework.ComparisonFailure: expected:<Hello World.> but was:<null>
</failure>
</testcase>
]</testsuite>
</testr...>
at org.eclipse.jdt.junit.tests.AbstractTestRunSessionSerializationTests.assertEqualXML(AbstractTestRunSessionSerializationTests.java:144)
at org.eclipse.jdt.junit.tests.AbstractTestRunSessionSerializationTests.runExportImport(AbstractTestRunSessionSerializationTests.java:98)
at org.eclipse.jdt.junit.tests.AbstractTestRunSessionSerializationTests.runCUTest(AbstractTestRunSessionSerializationTests.java:234)
at org.eclipse.jdt.junit.tests.TestRunSessionSerializationTests3.testFailures(TestRunSessionSerializationTests3.java:53)
at junit.extensions.TestDecorator.basicRun(TestDecorator.java:24)
at junit.extensions.TestSetup$1.protect(TestSetup.java:21)
at junit.extensions.TestSetup.run(TestSetup.java:25)
at junit.extensions.TestDecorator.basicRun(TestDecorator.java:24)
at junit.extensions.TestSetup$1.protect(TestSetup.java:21)
at junit.extensions.TestSetup.run(TestSetup.java:25)
at org.eclipse.test.EclipseTestRunner.run(EclipseTestRunner.java:354)
at org.eclipse.test.EclipseTestRunner.run(EclipseTestRunner.java:206)
at org.eclipse.test.UITestApplication$3.run(UITestApplication.java:195)
at org.eclipse.swt.widgets.RunnableLock.run(RunnableLock.java:35)
at org.eclipse.swt.widgets.Synchronizer.runAsyncMessages(Synchronizer.java:134)
at org.eclipse.swt.widgets.Display.runAsyncMessages(Display.java:3475)
at org.eclipse.swt.widgets.Display.readAndDispatch(Display.java:3122)
at org.eclipse.ui.internal.Workbench.runEventLoop(Workbench.java:2405)
at org.eclipse.ui.internal.Workbench.runUI(Workbench.java:2369)
at org.eclipse.ui.internal.Workbench.access$4(Workbench.java:2221)
at org.eclipse.ui.internal.Workbench$5.run(Workbench.java:500)
at org.eclipse.core.databinding.observable.Realm.runWithDefault(Realm.java:332)
at org.eclipse.ui.internal.Workbench.createAndRunWorkbench(Workbench.java:493)
at org.eclipse.ui.PlatformUI.createAndRunWorkbench(PlatformUI.java:149)
at org.eclipse.ui.internal.ide.application.IDEApplication.start(IDEApplication.java:113)
at org.eclipse.test.UITestApplication.runApplication(UITestApplication.java:138)
at org.eclipse.test.UITestApplication.run(UITestApplication.java:60)
at org.eclipse.test.UITestApplication.start(UITestApplication.java:210)
at org.eclipse.equinox.internal.app.EclipseAppHandle.run(EclipseAppHandle.java:194)
at org.eclipse.core.runtime.internal.adaptor.EclipseAppLauncher.runApplication(EclipseAppLauncher.java:110)
at org.eclipse.core.runtime.internal.adaptor.EclipseAppLauncher.start(EclipseAppLauncher.java:79)
at org.eclipse.core.runtime.adaptor.EclipseStarter.run(EclipseStarter.java:367)
at org.eclipse.core.runtime.adaptor.EclipseStarter.run(EclipseStarter.java:179)
at org.eclipse.equinox.launcher.Main.invokeFramework(Main.java:610)
at org.eclipse.equinox.launcher.Main.basicRun(Main.java:565)
at org.eclipse.equinox.launcher.Main.run(Main.java:1362)
at org.eclipse.equinox.launcher.Main.main(Main.java:1338)
at org.eclipse.core.launcher.Main.main(Main.java:34)